2025-04-30 03:29:57,046 - INFO - 尝试发送邮件: 从 358856615@qq.com 到 soyoungto686@gmail.com
2025-04-30 03:29:57,046 - INFO - 邮件主题: 账号金币统计结果（有账号获取失败）
2025-04-30 03:30:03,587 - INFO - 已连接到 SMTP 服务器
2025-04-30 03:30:03,976 - INFO - 登录成功
2025-04-30 03:30:04,628 - INFO - 邮件发送成功
2025-04-30 03:30:04,761 - ERROR - SMTP 错误: (-1, b'\x00\x00\x00')
2025-04-30 04:16:15,690 - INFO - 尝试发送邮件: 从 358856615@qq.com 到 soyoungto686@gmail.com
2025-04-30 04:16:15,691 - INFO - 邮件主题: 爱壹番硬币统计
2025-04-30 04:16:15,691 - ERROR - 邮件发送失败: name 'ssl' is not defined
2025-04-30 04:16:15,692 - ERROR - Traceback (most recent call last):
  File "/Users/joeyyoung/Projects.localized/aiyifan-check-in/main.py", line 2724, in send_email
    context = ssl.create_default_context()
NameError: name 'ssl' is not defined

2025-04-30 04:19:06,192 - INFO - 尝试发送邮件: 从 358856615@qq.com 到 soyoungto686@gmail.com
2025-04-30 04:19:06,193 - INFO - 邮件主题: 爱壹番硬币统计
2025-04-30 04:19:13,171 - INFO - 已连接到 SMTP 服务器
2025-04-30 04:19:13,380 - INFO - 登录成功
2025-04-30 04:19:14,018 - INFO - 邮件发送成功
2025-04-30 04:19:14,052 - ERROR - SMTP 错误: (-1, b'\x00\x00\x00')
2025-04-30 04:50:45,274 - INFO - 尝试发送邮件: 从 358856615@qq.com 到 soyoungto686@gmail.com
2025-04-30 04:50:45,275 - INFO - 邮件主题: 爱壹番硬币统计
2025-04-30 04:50:51,710 - INFO - 已连接到 SMTP 服务器
2025-04-30 04:50:52,012 - INFO - 登录成功
2025-04-30 04:50:52,539 - INFO - 邮件发送成功
2025-04-30 04:50:52,568 - ERROR - SMTP 错误: (-1, b'\x00\x00\x00')
2025-04-30 10:10:37,311 - INFO - 尝试发送邮件: 从 358856615@qq.com 到 soyoungto686@gmail.com
2025-04-30 10:10:37,311 - INFO - 邮件主题: 爱壹番硬币统计
2025-04-30 10:10:43,925 - INFO - 已连接到 SMTP 服务器
2025-04-30 10:10:44,245 - INFO - 登录成功
2025-04-30 10:10:44,899 - INFO - 邮件发送成功
2025-04-30 10:10:44,933 - ERROR - SMTP 错误: (-1, b'\x00\x00\x00')
2025-04-30 12:48:11,092 - INFO - 尝试发送邮件: 从 358856615@qq.com 到 soyoungto686@gmail.com
2025-04-30 12:48:11,092 - INFO - 邮件主题: 爱壹番硬币统计
2025-04-30 12:48:11,393 - INFO - 已连接到 SMTP 服务器
2025-04-30 12:48:11,648 - INFO - 登录成功
2025-04-30 12:48:12,324 - INFO - 邮件发送成功
2025-04-30 12:48:12,437 - ERROR - SMTP 错误: (-1, b'\x00\x00\x00')
2025-04-30 13:28:09,366 - INFO - 尝试发送邮件: 从 358856615@qq.com 到 soyoungto686@gmail.com
2025-04-30 13:28:09,367 - INFO - 邮件主题: 爱壹番硬币统计
2025-04-30 13:28:16,224 - INFO - 已连接到 SMTP 服务器
2025-04-30 13:28:16,624 - INFO - 登录成功
2025-04-30 13:28:17,071 - INFO - 邮件发送成功
2025-04-30 13:28:17,102 - ERROR - SMTP 错误: (-1, b'\x00\x00\x00')
2025-04-30 15:22:06,676 - INFO - 尝试发送邮件: 从 358856615@qq.com 到 soyoungto686@gmail.com
2025-04-30 15:22:06,677 - INFO - 邮件主题: 爱壹番硬币统计
2025-04-30 15:22:13,077 - INFO - 已连接到 SMTP 服务器
2025-04-30 15:22:13,474 - INFO - 登录成功
2025-04-30 15:22:13,875 - INFO - 邮件发送成功
2025-04-30 15:22:13,998 - ERROR - SMTP 错误: (-1, b'\x00\x00\x00')
2025-04-30 15:45:56,812 - INFO - 尝试发送邮件: 从 358856615@qq.com 到 soyoungto686@gmail.com
2025-04-30 15:45:56,813 - INFO - 邮件主题: 爱壹番硬币统计
2025-04-30 15:45:57,117 - INFO - 已连接到 SMTP 服务器
2025-04-30 15:45:57,553 - INFO - 登录成功
2025-04-30 15:45:57,948 - INFO - 邮件发送成功
2025-04-30 15:45:57,982 - ERROR - SMTP 错误: (-1, b'\x00\x00\x00')
2025-04-30 16:46:48,392 - INFO - 尝试发送邮件: 从 358856615@qq.com 到 soyoungto686@gmail.com
2025-04-30 16:46:48,392 - INFO - 邮件主题: 爱壹番硬币统计
2025-04-30 16:46:54,812 - INFO - 已连接到 SMTP 服务器
2025-04-30 16:46:55,360 - INFO - 登录成功
2025-04-30 16:46:56,212 - INFO - 邮件发送成功
2025-04-30 16:46:56,245 - ERROR - SMTP 错误: (-1, b'\x00\x00\x00')
2025-04-30 17:00:21,335 - INFO - 尝试发送邮件: 从 358856615@qq.com 到 soyoungto686@gmail.com
2025-04-30 17:00:21,335 - INFO - 邮件主题: 爱壹番硬币统计
2025-04-30 17:00:27,964 - INFO - 已连接到 SMTP 服务器
2025-04-30 17:00:28,224 - INFO - 登录成功
2025-04-30 17:00:28,891 - INFO - 邮件发送成功
2025-04-30 17:00:28,927 - ERROR - SMTP 错误: (-1, b'\x00\x00\x00')
2025-04-30 17:13:19,134 - INFO - 尝试发送邮件: 从 358856615@qq.com 到 soyoungto686@gmail.com
2025-04-30 17:13:19,134 - INFO - 邮件主题: 爱壹番硬币统计
2025-04-30 17:13:25,562 - INFO - 已连接到 SMTP 服务器
2025-04-30 17:13:25,897 - INFO - 登录成功
2025-04-30 17:13:26,312 - INFO - 邮件发送成功
2025-04-30 17:13:26,420 - ERROR - SMTP 错误: (-1, b'\x00\x00\x00')
2025-04-30 17:17:32,116 - INFO - 尝试发送邮件: 从 358856615@qq.com 到 soyoungto686@gmail.com
2025-04-30 17:17:32,116 - INFO - 邮件主题: 爱壹番硬币统计
2025-04-30 17:17:38,713 - INFO - 已连接到 SMTP 服务器
2025-04-30 17:17:38,907 - INFO - 登录成功
2025-04-30 17:17:39,414 - INFO - 邮件发送成功
2025-04-30 17:17:39,660 - ERROR - SMTP 错误: (-1, b'\x00\x00\x00')
2025-04-30 18:01:04,761 - INFO - 尝试发送邮件: 从 358856615@qq.com 到 soyoungto686@gmail.com
2025-04-30 18:01:04,762 - INFO - 邮件主题: 爱壹番硬币统计
2025-04-30 18:01:11,283 - INFO - 已连接到 SMTP 服务器
2025-04-30 18:01:11,566 - INFO - 登录成功
2025-04-30 18:01:12,193 - INFO - 邮件发送成功
2025-04-30 18:01:12,225 - ERROR - SMTP 错误: (-1, b'\x00\x00\x00')
2025-04-30 18:05:39,495 - INFO - 尝试发送邮件: 从 358856615@qq.com 到 soyoungto686@gmail.com
2025-04-30 18:05:39,497 - INFO - 邮件主题: 爱壹番硬币统计
2025-04-30 18:05:46,014 - INFO - 已连接到 SMTP 服务器
2025-04-30 18:05:46,178 - INFO - 登录成功
2025-04-30 18:05:46,755 - INFO - 邮件发送成功
2025-04-30 18:05:46,781 - ERROR - SMTP 错误: (-1, b'\x00\x00\x00')
2025-04-30 18:19:07,365 - INFO - 尝试发送邮件: 从 358856615@qq.com 到 soyoungto686@gmail.com
2025-04-30 18:19:07,366 - INFO - 邮件主题: 爱壹番硬币统计
2025-04-30 18:19:14,093 - INFO - 已连接到 SMTP 服务器
2025-04-30 18:19:14,325 - INFO - 登录成功
2025-04-30 18:19:15,175 - INFO - 邮件发送成功
2025-04-30 18:19:15,202 - ERROR - SMTP 错误: (-1, b'\x00\x00\x00')
2025-04-30 19:17:32,579 - INFO - 尝试发送邮件: 从 358856615@qq.com 到 soyoungto686@gmail.com
2025-04-30 19:17:32,579 - INFO - 邮件主题: 爱壹帆金币统计(1个失败)
2025-04-30 19:17:39,561 - INFO - 已连接到 SMTP 服务器
2025-04-30 19:17:39,809 - INFO - 登录成功
2025-04-30 19:17:40,473 - INFO - 邮件发送成功
2025-04-30 19:17:40,503 - ERROR - SMTP 错误: (-1, b'\x00\x00\x00')
2025-04-30 19:23:46,353 - INFO - 尝试发送邮件: 从 358856615@qq.com 到 soyoungto686@gmail.com
2025-04-30 19:23:46,353 - INFO - 邮件主题: 爱壹帆金币统计
2025-04-30 19:23:53,801 - INFO - 已连接到 SMTP 服务器
2025-04-30 19:23:54,090 - INFO - 登录成功
2025-04-30 19:23:54,845 - INFO - 邮件发送成功
2025-04-30 19:23:54,978 - ERROR - SMTP 错误: (-1, b'\x00\x00\x00')
2025-04-30 19:26:14,680 - INFO - 尝试发送邮件: 从 358856615@qq.com 到 soyoungto686@gmail.com
2025-04-30 19:26:14,680 - INFO - 邮件主题: 爱壹帆金币统计(1个失败)
2025-04-30 19:26:15,085 - INFO - 已连接到 SMTP 服务器
2025-04-30 19:26:15,348 - INFO - 登录成功
2025-04-30 19:26:16,003 - INFO - 邮件发送成功
2025-04-30 19:26:16,056 - ERROR - SMTP 错误: (-1, b'\x00\x00\x00')
2025-04-30 20:54:04,459 - INFO - 尝试发送邮件: 从 358856615@qq.com 到 soyoungto686@gmail.com
2025-04-30 20:54:04,460 - INFO - 邮件主题: 爱壹帆金币统计(1个失败)
2025-04-30 20:54:11,098 - INFO - 已连接到 SMTP 服务器
2025-04-30 20:54:11,345 - INFO - 登录成功
2025-04-30 20:54:11,993 - INFO - 邮件发送成功
2025-04-30 20:54:12,025 - ERROR - SMTP 错误: (-1, b'\x00\x00\x00')
2025-04-30 21:48:57,939 - INFO - 尝试发送邮件: 从 358856615@qq.com 到 soyoungto686@gmail.com
2025-04-30 21:48:57,939 - INFO - 邮件主题: 爱壹帆金币统计(1个失败)
2025-04-30 21:49:04,401 - INFO - 已连接到 SMTP 服务器
2025-04-30 21:49:04,733 - INFO - 登录成功
2025-04-30 21:49:05,281 - INFO - 邮件发送成功
2025-04-30 21:49:05,311 - ERROR - SMTP 错误: (-1, b'\x00\x00\x00')
2025-04-30 21:58:24,990 - INFO - 尝试发送邮件: 从 358856615@qq.com 到 soyoungto686@gmail.com
2025-04-30 21:58:24,991 - INFO - 邮件主题: 爱壹帆金币统计(1个失败)
2025-04-30 21:58:25,315 - INFO - 已连接到 SMTP 服务器
2025-04-30 21:58:25,492 - INFO - 登录成功
2025-04-30 21:58:26,134 - INFO - 邮件发送成功
2025-04-30 21:58:26,165 - ERROR - SMTP 错误: (-1, b'\x00\x00\x00')
2025-04-30 22:07:52,215 - INFO - 尝试发送邮件: 从 358856615@qq.com 到 soyoungto686@gmail.com
2025-04-30 22:07:52,216 - INFO - 邮件主题: 爱壹帆金币统计(1个失败)
2025-04-30 22:07:58,680 - INFO - 已连接到 SMTP 服务器
2025-04-30 22:07:59,060 - INFO - 登录成功
2025-04-30 22:07:59,721 - INFO - 邮件发送成功
2025-04-30 22:07:59,748 - ERROR - SMTP 错误: (-1, b'\x00\x00\x00')
2025-04-30 22:45:34,680 - INFO - 尝试发送邮件: 从 358856615@qq.com 到 soyoungto686@gmail.com
2025-04-30 22:45:34,680 - INFO - 邮件主题: 爱壹帆金币统计
2025-04-30 22:45:41,322 - INFO - 已连接到 SMTP 服务器
2025-04-30 22:45:41,628 - INFO - 登录成功
2025-04-30 22:45:42,262 - INFO - 邮件发送成功
2025-04-30 22:45:42,297 - ERROR - SMTP 错误: (-1, b'\x00\x00\x00')
